2024.05.14 14:59:08 INFO  Started: Metals version 1.3.0 in folders 'G:\Projects\Bachelor-Thesis\Ikaros' for client Visual Studio Code 1.89.1.
SLF4J: Class path contains multiple SLF4J providers.
SLF4J: Found provider [scribe.slf4j.ScribeServiceProvider@4348a9d9]
SLF4J: Found provider [ch.qos.logback.classic.spi.LogbackServiceProvider@3acae56a]
SLF4J: See https://www.slf4j.org/codes.html#multiple_bindings for an explanation.
SLF4J: Actual provider is of type [scribe.slf4j.ScribeServiceProvider@4348a9d9]
2024.05.14 14:59:08 WARN  Flyway upgrade recommended: H2 2.2.224 is newer than this version of Flyway and support has not been tested. The latest supported version of H2 is 2.2.220.
2024.05.14 14:59:08 WARN  no build tool detected in workspace 'G:\Projects\Bachelor-Thesis\Ikaros'. The most common cause for this problem is that the editor was opened in the wrong working directory, for example if you use sbt then the workspace directory should contain build.sbt. 
2024.05.14 14:59:09 WARN  Build server is not auto-connectable.
2024.05.14 15:00:38 WARN  no build target for: G:\Projects\Bachelor-Thesis\Ikaros\out\Scala\Unreduced\Unreachable\prog_8.scala
2024.05.14 15:00:48 INFO  no build target found for G:\Projects\Bachelor-Thesis\Ikaros\out\Scala\Unreduced\Unreachable\prog_8.scala. Using presentation compiler with project's scala-library version: 3.3.1
2024.05.14 15:00:50 INFO  time: code lens generation in 13s
2024.05.14 15:00:50 INFO  time: code lens generation in 14s
2024.05.14 15:02:19 WARN  Could not find semantic tokens for: file:///G:/Projects/Bachelor-Thesis/Ikaros/out/Scala/Unreduced/Unreachable/prog_9.scala
2024.05.14 15:02:20 WARN  no build target for: G:\Projects\Bachelor-Thesis\Ikaros\out\Scala\Unreduced\Unreachable\prog_9.scala
2024.05.14 15:02:24 WARN  no build target for: G:\Projects\Bachelor-Thesis\Ikaros\out\Scala\Unreduced\Unreachable\prog_9.scala
2024.05.14 15:02:24 WARN  no build target for: G:\Projects\Bachelor-Thesis\Ikaros\out\Scala\Unreduced\Unreachable\prog_9.scala
2024.05.14 19:16:38 INFO  Shutting down server
2024.05.14 19:16:38 INFO  shutting down Metals
2024.05.14 19:16:38 INFO  Exiting server
